-------------------------------------------
Starting the GLOBAL analysis of C:/Users/Juanan/Dropbox/Investigacion/LELAPE/2025_11_03_LELAPE/LELAPE/Examples/Example1\ExampleSRAM02.csv file.
-------------------------------------------

First of all, let us investigate the presence of MBUs.

**********************************
--> Number of bitflips: 146
**********************************

Number of MBUs with different sizes 

Size	Occurrences
----	-----------
1   	146

Expected number of false 2-bit MBUs: 0.005

**********************************

Now, we will study the occurrence of MCUs with statistical methods. 

Working with the following initial set of anomalies:

	Value: 0x001000
	Value: 0x100010
	Value: 0x100011
	Value: 0x101010
	Value: 0x101011
	Value: 0x801000
	Value: 0x901010
	Value: 0xc01000
	Value: 0xd01011
	Value: 0x901011

**********************************

Number of detected MCUs according to their multiplicity:

	Size	Occurrences
	----	-----------
	4	1 
	3	4 
	2	13 
	1	104 


Expected number of false 2-bit MCUs: 0.000
Expected range for false 3-bit MCUs: 0.006-0.012

****************************************************************
Now, for tracking purposes, the multiple events will be depicted. 
In this analysis, pseudoaddress is ADDRESS x WordWith + Position. 
It is easily reversed.
--------------------------------------------

Pseudoaddresses involved in 4-bit MCUs (1 events):
0x245c52, 0x345c42, 0xa44c52, 0xb44c42

Pseudoaddresses involved in 3-bit MCUs (4 events):
0x40f872, 0x50f862, 0xd0e862
0x40f076, 0xc0e076, 0xd0e066
0x20b394, 0xa0a394, 0xb0a384
0x276491, 0x376481, 0x377481

Pseudoaddresses involved in 2-bit MCUs (13 events):
0x1266bd2, 0x1366bc2
0x2aed07, 0x3afd16
0x1668076, 0x1768066
0x8d6391, 0x9d6381
0xcc8a76, 0xdc8a66
0x1622634, 0x1722624
0xc98b10, 0xd98b00
0x499b10, 0x599b00
0xc80491, 0xd80481
0x16ea636, 0x17ea626
0x14d7963, 0x15d7972
0x12ac281, 0x13ac290
0x12457d4, 0x13457c4

Pseudoaddresses involved in 1-bit MCUs (104 events):
0x18ed465
0x12f3f06
0x1d67bc2
0x281d41
0x2d47c6
0xb80d41
0xae3085
0x1be1ab4
0x1edca86
0x0ddc22
0x1356f64
0x14f6d81
0x95d100
0x1631cd1
0x1647605
0x119f721
0x0cf596
0xc76e72
0x1dff5e1
0x5aa570
0x1a5b457
0x1ae1950
0x1b5b447
0x259383
0x16ec751
0x2cecc7
0x10b31c4
0x1b35647
0x2b6505
0xa41fc3
0x18158e7
0xe815f6
0x18149c2
0x234402
0x334402
0x335411
0x1456131
0x1a34b62
0x493a50
0x941db4
0x0ebf64
0x1965610
0x15aa3d5
0xe272e4
0x1c2ecc2
0x1dcd114
0x1a37eb3
0x1e3fe00
0x85e717
0x174ee94
0xccfb94
0x1188b75
0x218cc1
0x14a6090
0x1eaab04
0x13fb2b2
0x1bfa2b2
0x096ee4
0x399db4
0x1606753
0x738dc5
0x805166
0x6d3da4
0x106ba86
0x1aabce7
0x1c07e54
0x1bf22c2
0x5bb6d3
0xd103d4
0x6ce2c6
0xec5fd7
0x642b75
0xc8bee5
0x15af420
0x57f277
0x13b0e07
0x12b2d57
0x1885db4
0x18a4367
0x4f5653
0x1932462
0xcc11d4
0x1520ca3
0x1134863
0x1ea2aa0
0x61a0e5
0xdf2f65
0xe44293
0x1427836
0x83b6f0
0x1d25981
0x1dad290
0x48a4e2
0x1c09126
0xedd956
0x140bab1
0x1b62d71
0x1bf5683
0x12c3af5
0x1592e71
0x1ac3ee5
0x2f8142
0xbe9472
0x1741377

